::1 - - [19/Mar/2016:20:23:16 +0100] "GET / HTTP/1.1" 404 19 "" "curl/7.43.0"
::1 - - [19/Mar/2016:20:23:27 +0100] "GET /clawio/auth/v1/authenticate HTTP/1.1" 404 19 "" "curl/7.43.0"
::1 - - [19/Mar/2016:20:23:40 +0100] "POST /clawio/auth/v1/authenticate HTTP/1.1" 200 20 "" "curl/7.43.0"
::1 - - [19/Mar/2016:20:25:48 +0100] "GET /health.txt HTTP/1.1" 200 53 "" "curl/7.43.0"
::1 - - [19/Mar/2016:20:25:51 +0100] "GET /health.txt HTTP/1.1" 200 53 "" "curl/7.43.0"
::1 - - [19/Mar/2016:20:25:51 +0100] "GET /health.txt HTTP/1.1" 200 53 "" "curl/7.43.0"
::1 - - [19/Mar/2016:20:25:52 +0100] "GET /health.txt HTTP/1.1" 200 53 "" "curl/7.43.0"
::1 - - [19/Mar/2016:20:32:27 +0100] "POST /clawio/auth/v1/authenticate HTTP/1.1" 200 20 "" "curl/7.43.0"
::1 - - [19/Mar/2016:20:32:27 +0100] "POST /clawio/auth/v1/authenticate HTTP/1.1" 200 20 "" "curl/7.43.0"
::1 - - [19/Mar/2016:20:32:32 +0100] "POST /clawio/auth/v1/verify HTTP/1.1" 200 36 "" "curl/7.43.0"
::1 - - [19/Mar/2016:20:32:33 +0100] "POST /clawio/auth/v1/verify HTTP/1.1" 200 36 "" "curl/7.43.0"
::1 - - [19/Mar/2016:20:34:39 +0100] "POST /clawio/auth/v1/verify HTTP/1.1" 200 36 "" "curl/7.43.0"
::1 - - [19/Mar/2016:20:34:49 +0100] "POST /clawio/auth/v1/verify HTTP/1.1" 200 36 "" "curl/7.43.0"
::1 - - [19/Mar/2016:21:14:04 +0100] "POST / HTTP/1.1" 404 19 "" "curl/7.43.0"
::1 - - [19/Mar/2016:21:14:14 +0100] "POST /clawio/auth/v1/authenticate/ HTTP/1.1" 404 19 "" "curl/7.43.0"
::1 - - [19/Mar/2016:21:14:21 +0100] "POST /clawio/auth/v1/authenticate HTTP/1.1" 503 47 "" "curl/7.43.0"
::1 - - [19/Mar/2016:21:14:24 +0100] "POST /clawio/auth/v1/authenticate HTTP/1.1" 503 47 "" "curl/7.43.0"
::1 - - [19/Mar/2016:21:14:26 +0100] "POST /clawio/auth/v1/authenticate HTTP/1.1" 503 47 "" "curl/7.43.0"
::1 - - [19/Mar/2016:21:14:33 +0100] "POST /clawio/auth/v1/authenticate HTTP/1.1" 503 47 "" "curl/7.43.0"
::1 - - [19/Mar/2016:21:14:40 +0100] "POST /clawio/auth/v1/authenticate HTTP/1.1" 503 47 "" "curl/7.43.0"
::1 - - [19/Mar/2016:21:14:48 +0100] "POST /clawio/auth/v1/authenticate HTTP/1.1" 200 10 "" "curl/7.43.0"
::1 - - [19/Mar/2016:21:14:51 +0100] "POST /clawio/auth/v1/authenticate HTTP/1.1" 503 47 "" "curl/7.43.0"
::1 - - [19/Mar/2016:21:14:53 +0100] "POST /clawio/auth/v1/authenticate HTTP/1.1" 200 10 "" "curl/7.43.0"
::1 - - [19/Mar/2016:21:14:54 +0100] "POST /clawio/auth/v1/authenticate HTTP/1.1" 200 10 "" "curl/7.43.0"
::1 - - [19/Mar/2016:21:14:54 +0100] "POST /clawio/auth/v1/authenticate HTTP/1.1" 200 10 "" "curl/7.43.0"
::1 - - [19/Mar/2016:21:14:55 +0100] "POST /clawio/auth/v1/authenticate HTTP/1.1" 200 10 "" "curl/7.43.0"
::1 - - [19/Mar/2016:21:14:56 +0100] "POST /clawio/auth/v1/authenticate HTTP/1.1" 200 10 "" "curl/7.43.0"
::1 - - [19/Mar/2016:21:14:57 +0100] "POST /clawio/auth/v1/authenticate HTTP/1.1" 200 10 "" "curl/7.43.0"
::1 - - [19/Mar/2016:21:14:57 +0100] "POST /clawio/auth/v1/authenticate HTTP/1.1" 200 10 "" "curl/7.43.0"
::1 - - [19/Mar/2016:21:14:58 +0100] "POST /clawio/auth/v1/authenticate HTTP/1.1" 200 10 "" "curl/7.43.0"
::1 - - [19/Mar/2016:21:14:59 +0100] "POST /clawio/auth/v1/authenticate HTTP/1.1" 200 10 "" "curl/7.43.0"
::1 - - [19/Mar/2016:21:14:59 +0100] "POST /clawio/auth/v1/authenticate HTTP/1.1" 200 10 "" "curl/7.43.0"
::1 - - [19/Mar/2016:21:15:00 +0100] "POST /clawio/auth/v1/authenticate HTTP/1.1" 200 10 "" "curl/7.43.0"
::1 - - [19/Mar/2016:21:15:01 +0100] "POST /clawio/auth/v1/authenticate HTTP/1.1" 200 10 "" "curl/7.43.0"
::1 - - [19/Mar/2016:21:17:26 +0100] "POST /clawio/auth/v1/authenticate HTTP/1.1" 200 10 "" "curl/7.43.0"
::1 - - [19/Mar/2016:21:17:36 +0100] "POST /clawio/auth/v1/verify HTTP/1.1" 200 36 "" "curl/7.43.0"
::1 - - [19/Mar/2016:21:20:30 +0100] "POST /clawio/auth/v1/verify HTTP/1.1" 200 36 "" "curl/7.43.0"
::1 - - [19/Mar/2016:21:56:19 +0100] "POST /authenticate HTTP/1.1" 404 19 "" "Go-http-client/1.1"
::1 - - [19/Mar/2016:21:59:52 +0100] "POST /authenticate HTTP/1.1" 404 19 "" "Go-http-client/1.1"
::1 - - [19/Mar/2016:21:59:53 +0100] "POST /authenticate HTTP/1.1" 404 19 "" "Go-http-client/1.1"
::1 - - [19/Mar/2016:21:59:58 +0100] "POST /authenticate HTTP/1.1" 404 19 "" "Go-http-client/1.1"
::1 - - [19/Mar/2016:21:59:59 +0100] "POST /authenticate HTTP/1.1" 404 19 "" "Go-http-client/1.1"
::1 - - [19/Mar/2016:22:00:00 +0100] "POST /authenticate HTTP/1.1" 404 19 "" "Go-http-client/1.1"
::1 - - [19/Mar/2016:22:00:01 +0100] "POST /authenticate HTTP/1.1" 404 19 "" "Go-http-client/1.1"
::1 - - [19/Mar/2016:22:00:31 +0100] "POST /authenticate HTTP/1.1" 404 19 "" "Go-http-client/1.1"
::1 - - [19/Mar/2016:22:00:32 +0100] "POST /authenticate HTTP/1.1" 404 19 "" "Go-http-client/1.1"
::1 - - [19/Mar/2016:22:00:33 +0100] "POST /authenticate HTTP/1.1" 404 19 "" "Go-http-client/1.1"
::1 - - [19/Mar/2016:22:00:45 +0100] "POST /authenticate HTTP/1.1" 404 19 "" "Go-http-client/1.1"
::1 - - [19/Mar/2016:22:00:47 +0100] "POST /authenticate HTTP/1.1" 404 19 "" "Go-http-client/1.1"
::1 - - [19/Mar/2016:22:00:49 +0100] "POST /authenticate HTTP/1.1" 404 19 "" "Go-http-client/1.1"
::1 - - [19/Mar/2016:22:02:12 +0100] "POST /authenticate HTTP/1.1" 404 19 "" "Go-http-client/1.1"
::1 - - [19/Mar/2016:22:02:14 +0100] "POST /authenticate HTTP/1.1" 404 19 "" "Go-http-client/1.1"
::1 - - [19/Mar/2016:22:02:16 +0100] "POST /authenticate HTTP/1.1" 404 19 "" "Go-http-client/1.1"
::1 - - [19/Mar/2016:22:02:21 +0100] "POST /authenticate HTTP/1.1" 404 19 "" "Go-http-client/1.1"
::1 - - [19/Mar/2016:22:03:10 +0100] "POST /clawio/auth/v1/authenticate HTTP/1.1" 503 47 "" "curl/7.43.0"
::1 - - [19/Mar/2016:22:03:22 +0100] "POST /clawio/auth/v1/authenticate HTTP/1.1" 503 47 "" "curl/7.43.0"
::1 - - [19/Mar/2016:22:03:33 +0100] "POST /clawio/auth/v1/authenticate HTTP/1.1" 200 10 "" "curl/7.43.0"
::1 - - [19/Mar/2016:22:03:55 +0100] "POST //authenticate HTTP/1.1" 301 0 "" "Go-http-client/1.1"
::1 - - [19/Mar/2016:22:03:57 +0100] "POST //authenticate HTTP/1.1" 301 0 "" "Go-http-client/1.1"
::1 - - [19/Mar/2016:22:03:59 +0100] "POST /authenticate HTTP/1.1" 404 19 "" "Go-http-client/1.1"
::1 - - [19/Mar/2016:22:04:03 +0100] "POST /authenticate HTTP/1.1" 404 19 "" "Go-http-client/1.1"
::1 - - [19/Mar/2016:22:04:04 +0100] "POST /authenticate HTTP/1.1" 404 19 "" "Go-http-client/1.1"
::1 - - [19/Mar/2016:22:04:05 +0100] "POST /authenticate HTTP/1.1" 404 19 "" "Go-http-client/1.1"
::1 - - [19/Mar/2016:22:04:06 +0100] "POST /authenticate HTTP/1.1" 404 19 "" "Go-http-client/1.1"
::1 - - [19/Mar/2016:22:04:07 +0100] "POST /authenticate HTTP/1.1" 404 19 "" "Go-http-client/1.1"
::1 - - [19/Mar/2016:22:04:08 +0100] "POST /authenticate HTTP/1.1" 404 19 "" "Go-http-client/1.1"
::1 - - [19/Mar/2016:22:04:09 +0100] "POST /authenticate HTTP/1.1" 404 19 "" "Go-http-client/1.1"
::1 - - [19/Mar/2016:22:05:18 +0100] "POST /authenticate HTTP/1.1" 404 19 "" "Go-http-client/1.1"
::1 - - [19/Mar/2016:22:05:19 +0100] "POST /authenticate HTTP/1.1" 404 19 "" "Go-http-client/1.1"
::1 - - [19/Mar/2016:22:05:20 +0100] "POST /authenticate HTTP/1.1" 404 19 "" "Go-http-client/1.1"
127.0.0.1 - - [19/Mar/2016:23:47:52 +0100] "POST /clawio/auth/v1/authenticate HTTP/1.1" 503 47 "" "Go-http-client/1.1"
127.0.0.1 - - [19/Mar/2016:23:47:54 +0100] "POST /clawio/auth/v1/authenticate HTTP/1.1" 503 47 "" "Go-http-client/1.1"
127.0.0.1 - - [19/Mar/2016:23:47:55 +0100] "POST /clawio/auth/v1/authenticate HTTP/1.1" 503 47 "" "Go-http-client/1.1"
127.0.0.1 - - [19/Mar/2016:23:47:56 +0100] "POST /clawio/auth/v1/authenticate HTTP/1.1" 503 47 "" "Go-http-client/1.1"
127.0.0.1 - - [19/Mar/2016:23:47:57 +0100] "POST /clawio/auth/v1/authenticate HTTP/1.1" 503 47 "" "Go-http-client/1.1"
::1 - - [20/Mar/2016:00:14:26 +0100] "POST /clawio/auth/v1/authenticate HTTP/1.1" 503 47 "" "Go-http-client/1.1"
::1 - - [20/Mar/2016:00:14:31 +0100] "POST /clawio/auth/v1/authenticate HTTP/1.1" 503 47 "" "Go-http-client/1.1"
::1 - - [20/Mar/2016:00:14:32 +0100] "POST /clawio/auth/v1/authenticate HTTP/1.1" 503 47 "" "Go-http-client/1.1"
::1 - - [20/Mar/2016:00:14:33 +0100] "POST /clawio/auth/v1/authenticate HTTP/1.1" 503 47 "" "Go-http-client/1.1"
::1 - - [20/Mar/2016:00:14:34 +0100] "POST /clawio/auth/v1/authenticate HTTP/1.1" 503 47 "" "Go-http-client/1.1"
::1 - - [20/Mar/2016:00:14:34 +0100] "POST /clawio/auth/v1/authenticate HTTP/1.1" 503 47 "" "Go-http-client/1.1"
::1 - - [20/Mar/2016:00:14:35 +0100] "POST /clawio/auth/v1/authenticate HTTP/1.1" 503 47 "" "Go-http-client/1.1"
::1 - - [20/Mar/2016:00:14:42 +0100] "POST /clawio/auth/v1/authenticate HTTP/1.1" 200 10 "" "Go-http-client/1.1"
::1 - - [20/Mar/2016:00:14:55 +0100] "POST /clawio/auth/v1/authenticate HTTP/1.1" 200 10 "" "Go-http-client/1.1"
::1 - - [20/Mar/2016:00:14:56 +0100] "POST /clawio/auth/v1/authenticate HTTP/1.1" 200 10 "" "Go-http-client/1.1"
::1 - - [20/Mar/2016:00:14:57 +0100] "POST /clawio/auth/v1/authenticate HTTP/1.1" 200 10 "" "Go-http-client/1.1"
::1 - - [20/Mar/2016:00:14:57 +0100] "POST /clawio/auth/v1/authenticate HTTP/1.1" 200 10 "" "Go-http-client/1.1"
::1 - - [20/Mar/2016:00:14:58 +0100] "POST /clawio/auth/v1/authenticate HTTP/1.1" 200 10 "" "Go-http-client/1.1"
::1 - - [20/Mar/2016:00:16:44 +0100] "POST /clawio/auth/v1/authenticate HTTP/1.1" 200 10 "" "curl/7.43.0"
::1 - - [20/Mar/2016:00:16:47 +0100] "POST /clawio/auth/v1/authenticate HTTP/1.1" 200 10 "" "curl/7.43.0"
::1 - - [20/Mar/2016:00:16:49 +0100] "POST /clawio/auth/v1/authenticate HTTP/1.1" 200 10 "" "curl/7.43.0"
::1 - - [20/Mar/2016:00:18:30 +0100] "POST /clawio/auth/v1/authenticate HTTP/1.1" 200 20 "" "curl/7.43.0"
::1 - - [20/Mar/2016:00:18:37 +0100] "POST /clawio/auth/v1/authenticate HTTP/1.1" 503 47 "" "Go-http-client/1.1"
::1 - - [20/Mar/2016:00:18:44 +0100] "POST /clawio/auth/v1/authenticate HTTP/1.1" 200 20 "" "Go-http-client/1.1"
::1 - - [20/Mar/2016:00:18:47 +0100] "POST /clawio/auth/v1/authenticate HTTP/1.1" 200 20 "" "Go-http-client/1.1"
::1 - - [20/Mar/2016:00:18:48 +0100] "POST /clawio/auth/v1/authenticate HTTP/1.1" 200 20 "" "Go-http-client/1.1"
::1 - - [20/Mar/2016:00:18:49 +0100] "POST /clawio/auth/v1/authenticate HTTP/1.1" 200 20 "" "Go-http-client/1.1"
::1 - - [20/Mar/2016:00:18:50 +0100] "POST /clawio/auth/v1/authenticate HTTP/1.1" 200 20 "" "Go-http-client/1.1"
::1 - - [20/Mar/2016:00:18:51 +0100] "POST /clawio/auth/v1/authenticate HTTP/1.1" 200 20 "" "Go-http-client/1.1"
::1 - - [20/Mar/2016:00:18:55 +0100] "POST /clawio/auth/v1/authenticate HTTP/1.1" 200 20 "" "Go-http-client/1.1"
::1 - - [20/Mar/2016:00:18:58 +0100] "POST /clawio/auth/v1/authenticate HTTP/1.1" 503 47 "" "Go-http-client/1.1"
::1 - - [20/Mar/2016:00:19:01 +0100] "POST /clawio/auth/v1/authenticate HTTP/1.1" 503 47 "" "Go-http-client/1.1"
::1 - - [20/Mar/2016:00:32:12 +0100] "POST /clawio/auth/v1/authenticate HTTP/1.1" 503 47 "" "Go-http-client/1.1"
::1 - - [20/Mar/2016:00:32:15 +0100] "POST /clawio/auth/v1/authenticate HTTP/1.1" 503 47 "" "Go-http-client/1.1"
::1 - - [20/Mar/2016:00:32:16 +0100] "POST /clawio/auth/v1/authenticate HTTP/1.1" 503 47 "" "Go-http-client/1.1"
::1 - - [20/Mar/2016:00:32:17 +0100] "POST /clawio/auth/v1/authenticate HTTP/1.1" 503 47 "" "Go-http-client/1.1"
::1 - - [20/Mar/2016:00:32:18 +0100] "POST /clawio/auth/v1/authenticate HTTP/1.1" 503 47 "" "Go-http-client/1.1"
::1 - - [20/Mar/2016:00:32:35 +0100] "POST /clawio/auth/v1/authenticate HTTP/1.1" 503 47 "" "Go-http-client/1.1"
::1 - - [20/Mar/2016:00:32:37 +0100] "POST /clawio/auth/v1/authenticate HTTP/1.1" 503 47 "" "Go-http-client/1.1"
::1 - - [20/Mar/2016:00:32:38 +0100] "POST /clawio/auth/v1/authenticate HTTP/1.1" 503 47 "" "Go-http-client/1.1"
::1 - - [20/Mar/2016:00:34:37 +0100] "POST /clawio/auth/v1/authenticate HTTP/1.1" 503 47 "" "Go-http-client/1.1"
::1 - - [20/Mar/2016:00:34:41 +0100] "POST /clawio/auth/v1/authenticate HTTP/1.1" 503 47 "" "Go-http-client/1.1"
::1 - - [20/Mar/2016:00:34:43 +0100] "POST /clawio/auth/v1/authenticate HTTP/1.1" 503 47 "" "Go-http-client/1.1"
::1 - - [20/Mar/2016:00:34:43 +0100] "POST /clawio/auth/v1/authenticate HTTP/1.1" 503 47 "" "Go-http-client/1.1"
::1 - - [20/Mar/2016:00:34:54 +0100] "POST /clawio/auth/v1/authenticate HTTP/1.1" 200 20 "" "Go-http-client/1.1"
::1 - - [20/Mar/2016:00:34:57 +0100] "POST /clawio/auth/v1/authenticate HTTP/1.1" 200 20 "" "Go-http-client/1.1"
::1 - - [20/Mar/2016:00:34:58 +0100] "POST /clawio/auth/v1/authenticate HTTP/1.1" 200 20 "" "Go-http-client/1.1"
::1 - - [20/Mar/2016:00:35:22 +0100] "POST /clawio/auth/v1/authenticate HTTP/1.1" 200 20 "" "Go-http-client/1.1"
::1 - - [20/Mar/2016:00:35:33 +0100] "POST /clawio/auth/v1/authenticate HTTP/1.1" 200 20 "" "Go-http-client/1.1"
::1 - - [20/Mar/2016:00:35:38 +0100] "POST /clawio/auth/v1/authenticate HTTP/1.1" 503 47 "" "Go-http-client/1.1"
::1 - - [20/Mar/2016:00:40:43 +0100] "POST /clawio/auth/v1/authenticate HTTP/1.1" 401 5 "" "Go-http-client/1.1"
::1 - - [20/Mar/2016:00:40:51 +0100] "POST /clawio/auth/v1/authenticate HTTP/1.1" 401 5 "" "Go-http-client/1.1"
::1 - - [20/Mar/2016:00:40:52 +0100] "POST /clawio/auth/v1/authenticate HTTP/1.1" 401 5 "" "Go-http-client/1.1"
::1 - - [20/Mar/2016:00:40:54 +0100] "POST /clawio/auth/v1/authenticate HTTP/1.1" 401 5 "" "Go-http-client/1.1"
::1 - - [20/Mar/2016:00:40:55 +0100] "POST /clawio/auth/v1/authenticate HTTP/1.1" 401 5 "" "Go-http-client/1.1"
::1 - - [20/Mar/2016:00:40:58 +0100] "POST /clawio/auth/v1/authenticate HTTP/1.1" 200 20 "" "Go-http-client/1.1"
::1 - - [20/Mar/2016:00:40:59 +0100] "POST /clawio/auth/v1/authenticate HTTP/1.1" 200 20 "" "Go-http-client/1.1"
::1 - - [20/Mar/2016:00:41:00 +0100] "POST /clawio/auth/v1/authenticate HTTP/1.1" 200 20 "" "Go-http-client/1.1"
::1 - - [20/Mar/2016:00:41:02 +0100] "POST /clawio/auth/v1/authenticate HTTP/1.1" 401 5 "" "Go-http-client/1.1"
::1 - - [20/Mar/2016:00:42:07 +0100] "POST /clawio/auth/v1/authenticate HTTP/1.1" 401 3 "" "Go-http-client/1.1"
::1 - - [20/Mar/2016:00:42:09 +0100] "POST /clawio/auth/v1/authenticate HTTP/1.1" 401 3 "" "Go-http-client/1.1"
::1 - - [20/Mar/2016:00:42:10 +0100] "POST /clawio/auth/v1/authenticate HTTP/1.1" 401 3 "" "Go-http-client/1.1"
::1 - - [20/Mar/2016:00:42:11 +0100] "POST /clawio/auth/v1/authenticate HTTP/1.1" 401 3 "" "Go-http-client/1.1"
::1 - - [20/Mar/2016:00:42:12 +0100] "POST /clawio/auth/v1/authenticate HTTP/1.1" 401 3 "" "Go-http-client/1.1"
::1 - - [20/Mar/2016:00:42:13 +0100] "POST /clawio/auth/v1/authenticate HTTP/1.1" 401 3 "" "Go-http-client/1.1"
::1 - - [20/Mar/2016:00:42:14 +0100] "POST /clawio/auth/v1/authenticate HTTP/1.1" 401 3 "" "Go-http-client/1.1"
::1 - - [20/Mar/2016:12:04:20 +0100] "POST /clawio/auth/v1/authenticate HTTP/1.1" 401 3 "" "Go-http-client/1.1"
::1 - - [20/Mar/2016:12:10:12 +0100] "POST /clawio/auth/v1/authenticate HTTP/1.1" 401 71 "" "Go-http-client/1.1"
::1 - - [20/Mar/2016:13:03:21 +0100] "POST /clawio/auth/v1/authenticate HTTP/1.1" 500 46 "" "Go-http-client/1.1"
::1 - - [20/Mar/2016:13:03:35 +0100] "POST /clawio/auth/v1/authenticate HTTP/1.1" 500 46 "" "Go-http-client/1.1"
::1 - - [20/Mar/2016:13:03:37 +0100] "POST /clawio/auth/v1/authenticate HTTP/1.1" 500 46 "" "Go-http-client/1.1"
::1 - - [20/Mar/2016:13:03:47 +0100] "POST /clawio/auth/v1/authenticate HTTP/1.1" 200 20 "" "Go-http-client/1.1"
::1 - - [20/Mar/2016:13:56:57 +0100] "POST /clawio/auth/v1/authenticate HTTP/1.1" 200 20 "" "Go-http-client/1.1"
::1 - - [20/Mar/2016:13:56:59 +0100] "POST /clawio/auth/v1/authenticate HTTP/1.1" 400 49 "" "Go-http-client/1.1"
::1 - - [20/Mar/2016:13:57:21 +0100] "POST /clawio/auth/v1/ HTTP/1.1" 404 19 "" "curl/7.43.0"
::1 - - [20/Mar/2016:13:57:29 +0100] "POST /clawio/auth/v1/authenticate HTTP/1.1" 400 40 "" "curl/7.43.0"
::1 - - [20/Mar/2016:13:57:46 +0100] "POST /clawio/auth/v1/authenticate HTTP/1.1" 400 40 "" "curl/7.43.0"
::1 - - [20/Mar/2016:13:58:03 +0100] "POST /clawio/auth/v1/authenticate HTTP/1.1" 400 40 "" "curl/7.43.0"
::1 - - [20/Mar/2016:14:04:43 +0100] "POST /clawio/auth/v1/authenticate HTTP/1.1" 400 40 "" "curl/7.43.0"
::1 - - [20/Mar/2016:14:05:32 +0100] "POST /clawio/auth/v1/authenticate HTTP/1.1" 400 40 "" "curl/7.43.0"
