::1 - - [20/Mar/2016:16:55:12 +0100] "POST /clawio/auth/v1/authenticate HTTP/1.1" 500 23 "" "Go-http-client/1.1"
::1 - - [20/Mar/2016:16:55:51 +0100] "POST /clawio/auth/v1/authenticate HTTP/1.1" 500 23 "" "Go-http-client/1.1"
::1 - - [20/Mar/2016:17:00:45 +0100] "GET /clawio/auth/v1/verify/mytoken HTTP/1.1" 500 23 "" "curl/7.43.0"
::1 - - [20/Mar/2016:17:00:55 +0100] "GET /clawio/auth/v1/verify/mytoken HTTP/1.1" 500 23 "" "curl/7.43.0"
::1 - - [20/Mar/2016:17:00:56 +0100] "GET /clawio/auth/v1/verify/mytoken HTTP/1.1" 500 23 "" "curl/7.43.0"
::1 - - [20/Mar/2016:17:01:12 +0100] "GET /clawio/auth/v1/verify/mytoken HTTP/1.1" 500 23 "" "curl/7.43.0"
::1 - - [20/Mar/2016:17:02:51 +0100] "GET /clawio/auth/v1/verify/mytoken HTTP/1.1" 200 36 "" "curl/7.43.0"
::1 - - [20/Mar/2016:17:02:55 +0100] "GET /clawio/auth/v1/verify/mytokena HTTP/1.1" 400 49 "" "curl/7.43.0"
::1 - - [20/Mar/2016:17:03:01 +0100] "POST /clawio/auth/v1/authenticate HTTP/1.1" 400 49 "" "Go-http-client/1.1"
::1 - - [20/Mar/2016:17:03:18 +0100] "POST /clawio/auth/v1/authenticate HTTP/1.1" 400 49 "" "Go-http-client/1.1"
::1 - - [20/Mar/2016:17:03:19 +0100] "POST /clawio/auth/v1/authenticate HTTP/1.1" 400 49 "" "Go-http-client/1.1"
::1 - - [20/Mar/2016:17:03:20 +0100] "POST /clawio/auth/v1/authenticate HTTP/1.1" 400 49 "" "Go-http-client/1.1"
::1 - - [20/Mar/2016:17:03:21 +0100] "POST /clawio/auth/v1/authenticate HTTP/1.1" 400 49 "" "Go-http-client/1.1"
::1 - - [20/Mar/2016:17:03:21 +0100] "POST /clawio/auth/v1/authenticate HTTP/1.1" 400 49 "" "Go-http-client/1.1"
::1 - - [20/Mar/2016:17:03:23 +0100] "POST /clawio/auth/v1/authenticate HTTP/1.1" 400 49 "" "Go-http-client/1.1"
::1 - - [20/Mar/2016:17:03:24 +0100] "POST /clawio/auth/v1/authenticate HTTP/1.1" 400 49 "" "Go-http-client/1.1"
::1 - - [20/Mar/2016:17:03:25 +0100] "POST /clawio/auth/v1/authenticate HTTP/1.1" 400 49 "" "Go-http-client/1.1"
::1 - - [20/Mar/2016:17:03:28 +0100] "POST /clawio/auth/v1/authenticate HTTP/1.1" 200 20 "" "Go-http-client/1.1"
::1 - - [20/Mar/2016:17:03:29 +0100] "POST /clawio/auth/v1/authenticate HTTP/1.1" 200 20 "" "Go-http-client/1.1"
::1 - - [20/Mar/2016:17:03:30 +0100] "POST /clawio/auth/v1/authenticate HTTP/1.1" 200 20 "" "Go-http-client/1.1"
::1 - - [20/Mar/2016:17:03:30 +0100] "POST /clawio/auth/v1/authenticate HTTP/1.1" 200 20 "" "Go-http-client/1.1"
::1 - - [20/Mar/2016:17:12:04 +0100] "POST /clawio/auth/v1/authenticate HTTP/1.1" 200 20 "" "Go-http-client/1.1"
::1 - - [20/Mar/2016:17:12:07 +0100] "POST /clawio/auth/v1/authenticate HTTP/1.1" 200 20 "" "Go-http-client/1.1"
::1 - - [20/Mar/2016:17:12:32 +0100] "POST /clawio/auth/v1/authenticate HTTP/1.1" 200 20 "" "Go-http-client/1.1"
::1 - - [20/Mar/2016:17:13:00 +0100] "GET /clawio/auth/v1/verify/mytoken HTTP/1.1" 200 36 "" "Go-http-client/1.1"
::1 - - [20/Mar/2016:17:13:04 +0100] "GET /clawio/auth/v1/verify/mytokena HTTP/1.1" 400 49 "" "Go-http-client/1.1"
::1 - - [20/Mar/2016:17:13:13 +0100] "GET /clawio/auth/v1/verify/mytokena HTTP/1.1" 400 49 "" "Go-http-client/1.1"
::1 - - [20/Mar/2016:17:13:14 +0100] "GET /clawio/auth/v1/verify/mytokena HTTP/1.1" 400 49 "" "Go-http-client/1.1"
::1 - - [20/Mar/2016:17:13:16 +0100] "GET /clawio/auth/v1/verify/mytoken HTTP/1.1" 200 36 "" "Go-http-client/1.1"
::1 - - [20/Mar/2016:21:16:04 +0100] "GET /clawio/auth/v1/verify/mytoken HTTP/1.1" 200 36 "" "Go-http-client/1.1"
::1 - - [20/Mar/2016:21:32:26 +0100] "GET /clawio/auth/v1/verify/mytoken HTTP/1.1" 200 36 "" "Go-http-client/1.1"
::1 - - [20/Mar/2016:21:32:31 +0100] "GET /clawio/auth/v1/verify/mytoken HTTP/1.1" 200 36 "" "Go-http-client/1.1"
::1 - - [20/Mar/2016:21:32:37 +0100] "POST /clawio/auth/v1/authenticate HTTP/1.1" 400 49 "" "Go-http-client/1.1"
::1 - - [20/Mar/2016:21:32:40 +0100] "POST /clawio/auth/v1/authenticate HTTP/1.1" 400 49 "" "Go-http-client/1.1"
::1 - - [20/Mar/2016:21:32:41 +0100] "POST /clawio/auth/v1/authenticate HTTP/1.1" 400 49 "" "Go-http-client/1.1"
::1 - - [20/Mar/2016:21:32:42 +0100] "POST /clawio/auth/v1/authenticate HTTP/1.1" 400 49 "" "Go-http-client/1.1"
::1 - - [20/Mar/2016:21:32:43 +0100] "POST /clawio/auth/v1/authenticate HTTP/1.1" 400 49 "" "Go-http-client/1.1"
::1 - - [20/Mar/2016:21:32:44 +0100] "POST /clawio/auth/v1/authenticate HTTP/1.1" 400 49 "" "Go-http-client/1.1"
::1 - - [20/Mar/2016:21:32:45 +0100] "POST /clawio/auth/v1/authenticate HTTP/1.1" 400 49 "" "Go-http-client/1.1"
::1 - - [20/Mar/2016:21:40:11 +0100] "POST /clawio/auth/v1/authenticate HTTP/1.1" 400 49 "" "Go-http-client/1.1"
::1 - - [20/Mar/2016:21:42:09 +0100] "POST /clawio/auth/v1/authenticate HTTP/1.1" 400 49 "" "Go-http-client/1.1"
::1 - - [20/Mar/2016:21:42:26 +0100] "POST /clawio/auth/v1/authenticate HTTP/1.1" 400 49 "" "Go-http-client/1.1"
::1 - - [20/Mar/2016:21:42:27 +0100] "POST /clawio/auth/v1/authenticate HTTP/1.1" 400 49 "" "Go-http-client/1.1"
::1 - - [20/Mar/2016:21:42:28 +0100] "POST /clawio/auth/v1/authenticate HTTP/1.1" 400 49 "" "Go-http-client/1.1"
::1 - - [20/Mar/2016:21:42:30 +0100] "POST /clawio/auth/v1/authenticate HTTP/1.1" 400 49 "" "Go-http-client/1.1"
::1 - - [20/Mar/2016:21:43:22 +0100] "POST /clawio/auth/v1/authenticate HTTP/1.1" 400 49 "" "Go-http-client/1.1"
::1 - - [20/Mar/2016:21:43:28 +0100] "POST /clawio/auth/v1/authenticate HTTP/1.1" 400 49 "" "Go-http-client/1.1"
::1 - - [20/Mar/2016:21:43:35 +0100] "POST /clawio/auth/v1/authenticate HTTP/1.1" 400 49 "" "Go-http-client/1.1"
::1 - - [20/Mar/2016:21:43:40 +0100] "POST /clawio/auth/v1/authenticate HTTP/1.1" 400 49 "" "Go-http-client/1.1"
::1 - - [20/Mar/2016:21:43:41 +0100] "POST /clawio/auth/v1/authenticate HTTP/1.1" 400 49 "" "Go-http-client/1.1"
::1 - - [20/Mar/2016:21:43:42 +0100] "POST /clawio/auth/v1/authenticate HTTP/1.1" 400 49 "" "Go-http-client/1.1"
::1 - - [20/Mar/2016:21:44:16 +0100] "POST /clawio/auth/v1/authenticate HTTP/1.1" 400 49 "" "Go-http-client/1.1"
::1 - - [20/Mar/2016:21:44:21 +0100] "POST /clawio/auth/v1/authenticate HTTP/1.1" 200 246 "" "Go-http-client/1.1"
::1 - - [20/Mar/2016:21:44:26 +0100] "POST /clawio/auth/v1/authenticate HTTP/1.1" 200 246 "" "Go-http-client/1.1"
::1 - - [20/Mar/2016:21:44:27 +0100] "POST /clawio/auth/v1/authenticate HTTP/1.1" 200 246 "" "Go-http-client/1.1"
::1 - - [20/Mar/2016:21:44:28 +0100] "POST /clawio/auth/v1/authenticate HTTP/1.1" 200 246 "" "Go-http-client/1.1"
::1 - - [20/Mar/2016:21:44:29 +0100] "POST /clawio/auth/v1/authenticate HTTP/1.1" 200 246 "" "Go-http-client/1.1"
::1 - - [20/Mar/2016:21:44:29 +0100] "POST /clawio/auth/v1/authenticate HTTP/1.1" 200 246 "" "Go-http-client/1.1"
::1 - - [20/Mar/2016:21:44:30 +0100] "POST /clawio/auth/v1/authenticate HTTP/1.1" 200 246 "" "Go-http-client/1.1"
::1 - - [20/Mar/2016:21:44:31 +0100] "POST /clawio/auth/v1/authenticate HTTP/1.1" 200 246 "" "Go-http-client/1.1"
::1 - - [20/Mar/2016:21:44:36 +0100] "POST /clawio/auth/v1/authenticate HTTP/1.1" 200 246 "" "Go-http-client/1.1"
::1 - - [20/Mar/2016:21:44:37 +0100] "POST /clawio/auth/v1/authenticate HTTP/1.1" 200 246 "" "Go-http-client/1.1"
::1 - - [20/Mar/2016:21:44:38 +0100] "POST /clawio/auth/v1/authenticate HTTP/1.1" 200 246 "" "Go-http-client/1.1"
::1 - - [20/Mar/2016:21:44:40 +0100] "POST /clawio/auth/v1/authenticate HTTP/1.1" 200 246 "" "Go-http-client/1.1"
::1 - - [20/Mar/2016:21:44:43 +0100] "POST /clawio/auth/v1/authenticate HTTP/1.1" 200 246 "" "Go-http-client/1.1"
::1 - - [20/Mar/2016:21:52:35 +0100] "POST /clawio/auth/v1/authenticate HTTP/1.1" 200 246 "" "Go-http-client/1.1"
::1 - - [20/Mar/2016:21:52:37 +0100] "POST /clawio/auth/v1/authenticate HTTP/1.1" 200 246 "" "Go-http-client/1.1"
::1 - - [20/Mar/2016:21:52:38 +0100] "POST /clawio/auth/v1/authenticate HTTP/1.1" 200 246 "" "Go-http-client/1.1"
::1 - - [20/Mar/2016:21:52:39 +0100] "POST /clawio/auth/v1/authenticate HTTP/1.1" 200 246 "" "Go-http-client/1.1"
::1 - - [20/Mar/2016:21:52:40 +0100] "POST /clawio/auth/v1/authenticate HTTP/1.1" 200 246 "" "Go-http-client/1.1"
::1 - - [20/Mar/2016:21:52:48 +0100] "GET /clawio/auth/v1/verify/abc HTTP/1.1" 400 49 "" "Go-http-client/1.1"
::1 - - [20/Mar/2016:21:52:51 +0100] "GET /clawio/auth/v1/verify/abc HTTP/1.1" 400 49 "" "Go-http-client/1.1"
::1 - - [20/Mar/2016:21:52:52 +0100] "GET /clawio/auth/v1/verify/abc HTTP/1.1" 400 49 "" "Go-http-client/1.1"
::1 - - [20/Mar/2016:21:52:52 +0100] "GET /clawio/auth/v1/verify/abc HTTP/1.1" 400 49 "" "Go-http-client/1.1"
::1 - - [20/Mar/2016:21:52:53 +0100] "GET /clawio/auth/v1/verify/abc HTTP/1.1" 400 49 "" "Go-http-client/1.1"
::1 - - [20/Mar/2016:21:52:54 +0100] "GET /clawio/auth/v1/verify/abc HTTP/1.1" 400 49 "" "Go-http-client/1.1"
::1 - - [20/Mar/2016:21:52:55 +0100] "GET /clawio/auth/v1/verify/abc HTTP/1.1" 400 49 "" "Go-http-client/1.1"
::1 - - [20/Mar/2016:21:52:56 +0100] "GET /clawio/auth/v1/verify/abc HTTP/1.1" 400 49 "" "Go-http-client/1.1"
::1 - - [20/Mar/2016:21:52:56 +0100] "GET /clawio/auth/v1/verify/abc HTTP/1.1" 400 49 "" "Go-http-client/1.1"
::1 - - [20/Mar/2016:21:52:59 +0100] "GET /clawio/auth/v1/verify/abc HTTP/1.1" 400 49 "" "Go-http-client/1.1"
::1 - - [20/Mar/2016:21:52:59 +0100] "GET /clawio/auth/v1/verify/abc HTTP/1.1" 400 49 "" "Go-http-client/1.1"
::1 - - [20/Mar/2016:21:53:00 +0100] "GET /clawio/auth/v1/verify/abc HTTP/1.1" 400 49 "" "Go-http-client/1.1"
::1 - - [20/Mar/2016:21:53:01 +0100] "GET /clawio/auth/v1/verify/abc HTTP/1.1" 400 49 "" "Go-http-client/1.1"
::1 - - [20/Mar/2016:21:53:02 +0100] "GET /clawio/auth/v1/verify/abc HTTP/1.1" 400 49 "" "Go-http-client/1.1"
::1 - - [20/Mar/2016:21:53:03 +0100] "GET /clawio/auth/v1/verify/abc HTTP/1.1" 400 49 "" "Go-http-client/1.1"
::1 - - [20/Mar/2016:21:53:18 +0100] "POST /clawio/auth/v1/authenticate HTTP/1.1" 400 49 "" "Go-http-client/1.1"
::1 - - [20/Mar/2016:21:53:23 +0100] "POST /clawio/auth/v1/authenticate HTTP/1.1" 400 49 "" "Go-http-client/1.1"
::1 - - [20/Mar/2016:21:53:24 +0100] "POST /clawio/auth/v1/authenticate HTTP/1.1" 400 49 "" "Go-http-client/1.1"
::1 - - [20/Mar/2016:21:53:24 +0100] "POST /clawio/auth/v1/authenticate HTTP/1.1" 400 49 "" "Go-http-client/1.1"
::1 - - [20/Mar/2016:21:53:25 +0100] "POST /clawio/auth/v1/authenticate HTTP/1.1" 400 49 "" "Go-http-client/1.1"
::1 - - [20/Mar/2016:21:53:27 +0100] "POST /clawio/auth/v1/authenticate HTTP/1.1" 200 246 "" "Go-http-client/1.1"
::1 - - [20/Mar/2016:21:53:38 +0100] "GET /clawio/auth/v1/verify/eyJhbGciOiJIUzI1NiIsInR5cCI6IkpXVCJ9.eyJkaXNwbGF5X25hbWUiOiJEZW1vIE9uZSIsImVtYWlsIjoiZGVtb0BkZW1vLmVzIiwiZXhwIjoxNDU4NTEwODA3Nzc1MjE0Mzk2LCJpc3MiOiJsYWJrb2RlLW1hYyIsInVzZXJuYW1lIjoiZGVtbyJ9.CyCMs_t9ySw-FPURGyvHO23YQ1_G4YSsi9p5Ei6HQNc HTTP/1.1" 200 82 "" "Go-http-client/1.1"
::1 - - [20/Mar/2016:21:53:42 +0100] "GET /clawio/auth/v1/verify/eyJhbGciOiJIUzI1NiIsInR5cCI6IkpXVCJ9.eyJkaXNwbGF5X25hbWUiOiJEZW1vIE9uZSIsImVtYWlsIjoiZGVtb0BkZW1vLmVzIiwiZXhwIjoxNDU4NTEwODA3Nzc1MjE0Mzk2LCJpc3MiOiJsYWJrb2RlLW1hYyIsInVzZXJuYW1lIjoiZGVtbyJ9.CyCMs_t9ySw-FPURGyvHO23YQ1_G4YSsi9p5Ei6HQNc HTTP/1.1" 200 82 "" "Go-http-client/1.1"
::1 - - [20/Mar/2016:21:53:43 +0100] "GET /clawio/auth/v1/verify/eyJhbGciOiJIUzI1NiIsInR5cCI6IkpXVCJ9.eyJkaXNwbGF5X25hbWUiOiJEZW1vIE9uZSIsImVtYWlsIjoiZGVtb0BkZW1vLmVzIiwiZXhwIjoxNDU4NTEwODA3Nzc1MjE0Mzk2LCJpc3MiOiJsYWJrb2RlLW1hYyIsInVzZXJuYW1lIjoiZGVtbyJ9.CyCMs_t9ySw-FPURGyvHO23YQ1_G4YSsi9p5Ei6HQNc HTTP/1.1" 200 82 "" "Go-http-client/1.1"
::1 - - [20/Mar/2016:21:53:44 +0100] "GET /clawio/auth/v1/verify/eyJhbGciOiJIUzI1NiIsInR5cCI6IkpXVCJ9.eyJkaXNwbGF5X25hbWUiOiJEZW1vIE9uZSIsImVtYWlsIjoiZGVtb0BkZW1vLmVzIiwiZXhwIjoxNDU4NTEwODA3Nzc1MjE0Mzk2LCJpc3MiOiJsYWJrb2RlLW1hYyIsInVzZXJuYW1lIjoiZGVtbyJ9.CyCMs_t9ySw-FPURGyvHO23YQ1_G4YSsi9p5Ei6HQNc HTTP/1.1" 200 82 "" "Go-http-client/1.1"
::1 - - [20/Mar/2016:21:53:45 +0100] "GET /clawio/auth/v1/verify/eyJhbGciOiJIUzI1NiIsInR5cCI6IkpXVCJ9.eyJkaXNwbGF5X25hbWUiOiJEZW1vIE9uZSIsImVtYWlsIjoiZGVtb0BkZW1vLmVzIiwiZXhwIjoxNDU4NTEwODA3Nzc1MjE0Mzk2LCJpc3MiOiJsYWJrb2RlLW1hYyIsInVzZXJuYW1lIjoiZGVtbyJ9.CyCMs_t9ySw-FPURGyvHO23YQ1_G4YSsi9p5Ei6HQNc HTTP/1.1" 200 82 "" "Go-http-client/1.1"
::1 - - [20/Mar/2016:21:53:45 +0100] "GET /clawio/auth/v1/verify/eyJhbGciOiJIUzI1NiIsInR5cCI6IkpXVCJ9.eyJkaXNwbGF5X25hbWUiOiJEZW1vIE9uZSIsImVtYWlsIjoiZGVtb0BkZW1vLmVzIiwiZXhwIjoxNDU4NTEwODA3Nzc1MjE0Mzk2LCJpc3MiOiJsYWJrb2RlLW1hYyIsInVzZXJuYW1lIjoiZGVtbyJ9.CyCMs_t9ySw-FPURGyvHO23YQ1_G4YSsi9p5Ei6HQNc HTTP/1.1" 200 82 "" "Go-http-client/1.1"
::1 - - [20/Mar/2016:21:53:46 +0100] "GET /clawio/auth/v1/verify/eyJhbGciOiJIUzI1NiIsInR5cCI6IkpXVCJ9.eyJkaXNwbGF5X25hbWUiOiJEZW1vIE9uZSIsImVtYWlsIjoiZGVtb0BkZW1vLmVzIiwiZXhwIjoxNDU4NTEwODA3Nzc1MjE0Mzk2LCJpc3MiOiJsYWJrb2RlLW1hYyIsInVzZXJuYW1lIjoiZGVtbyJ9.CyCMs_t9ySw-FPURGyvHO23YQ1_G4YSsi9p5Ei6HQNc HTTP/1.1" 200 82 "" "Go-http-client/1.1"
::1 - - [20/Mar/2016:21:53:47 +0100] "GET /clawio/auth/v1/verify/eyJhbGciOiJIUzI1NiIsInR5cCI6IkpXVCJ9.eyJkaXNwbGF5X25hbWUiOiJEZW1vIE9uZSIsImVtYWlsIjoiZGVtb0BkZW1vLmVzIiwiZXhwIjoxNDU4NTEwODA3Nzc1MjE0Mzk2LCJpc3MiOiJsYWJrb2RlLW1hYyIsInVzZXJuYW1lIjoiZGVtbyJ9.CyCMs_t9ySw-FPURGyvHO23YQ1_G4YSsi9p5Ei6HQNc HTTP/1.1" 200 82 "" "Go-http-client/1.1"
::1 - - [20/Mar/2016:21:53:47 +0100] "GET /clawio/auth/v1/verify/eyJhbGciOiJIUzI1NiIsInR5cCI6IkpXVCJ9.eyJkaXNwbGF5X25hbWUiOiJEZW1vIE9uZSIsImVtYWlsIjoiZGVtb0BkZW1vLmVzIiwiZXhwIjoxNDU4NTEwODA3Nzc1MjE0Mzk2LCJpc3MiOiJsYWJrb2RlLW1hYyIsInVzZXJuYW1lIjoiZGVtbyJ9.CyCMs_t9ySw-FPURGyvHO23YQ1_G4YSsi9p5Ei6HQNc HTTP/1.1" 200 82 "" "Go-http-client/1.1"
::1 - - [20/Mar/2016:21:53:48 +0100] "GET /clawio/auth/v1/verify/eyJhbGciOiJIUzI1NiIsInR5cCI6IkpXVCJ9.eyJkaXNwbGF5X25hbWUiOiJEZW1vIE9uZSIsImVtYWlsIjoiZGVtb0BkZW1vLmVzIiwiZXhwIjoxNDU4NTEwODA3Nzc1MjE0Mzk2LCJpc3MiOiJsYWJrb2RlLW1hYyIsInVzZXJuYW1lIjoiZGVtbyJ9.CyCMs_t9ySw-FPURGyvHO23YQ1_G4YSsi9p5Ei6HQNc HTTP/1.1" 200 82 "" "Go-http-client/1.1"
::1 - - [20/Mar/2016:21:53:49 +0100] "GET /clawio/auth/v1/verify/eyJhbGciOiJIUzI1NiIsInR5cCI6IkpXVCJ9.eyJkaXNwbGF5X25hbWUiOiJEZW1vIE9uZSIsImVtYWlsIjoiZGVtb0BkZW1vLmVzIiwiZXhwIjoxNDU4NTEwODA3Nzc1MjE0Mzk2LCJpc3MiOiJsYWJrb2RlLW1hYyIsInVzZXJuYW1lIjoiZGVtbyJ9.CyCMs_t9ySw-FPURGyvHO23YQ1_G4YSsi9p5Ei6HQNc HTTP/1.1" 200 82 "" "Go-http-client/1.1"
::1 - - [20/Mar/2016:21:53:50 +0100] "GET /clawio/auth/v1/verify/eyJhbGciOiJIUzI1NiIsInR5cCI6IkpXVCJ9.eyJkaXNwbGF5X25hbWUiOiJEZW1vIE9uZSIsImVtYWlsIjoiZGVtb0BkZW1vLmVzIiwiZXhwIjoxNDU4NTEwODA3Nzc1MjE0Mzk2LCJpc3MiOiJsYWJrb2RlLW1hYyIsInVzZXJuYW1lIjoiZGVtbyJ9.CyCMs_t9ySw-FPURGyvHO23YQ1_G4YSsi9p5Ei6HQNc HTTP/1.1" 200 82 "" "Go-http-client/1.1"
::1 - - [20/Mar/2016:21:53:51 +0100] "GET /clawio/auth/v1/verify/eyJhbGciOiJIUzI1NiIsInR5cCI6IkpXVCJ9.eyJkaXNwbGF5X25hbWUiOiJEZW1vIE9uZSIsImVtYWlsIjoiZGVtb0BkZW1vLmVzIiwiZXhwIjoxNDU4NTEwODA3Nzc1MjE0Mzk2LCJpc3MiOiJsYWJrb2RlLW1hYyIsInVzZXJuYW1lIjoiZGVtbyJ9.CyCMs_t9ySw-FPURGyvHO23YQ1_G4YSsi9p5Ei6HQNc HTTP/1.1" 200 82 "" "Go-http-client/1.1"
::1 - - [20/Mar/2016:21:53:52 +0100] "GET /clawio/auth/v1/verify/eyJhbGciOiJIUzI1NiIsInR5cCI6IkpXVCJ9.eyJkaXNwbGF5X25hbWUiOiJEZW1vIE9uZSIsImVtYWlsIjoiZGVtb0BkZW1vLmVzIiwiZXhwIjoxNDU4NTEwODA3Nzc1MjE0Mzk2LCJpc3MiOiJsYWJrb2RlLW1hYyIsInVzZXJuYW1lIjoiZGVtbyJ9.CyCMs_t9ySw-FPURGyvHO23YQ1_G4YSsi9p5Ei6HQNc HTTP/1.1" 200 82 "" "Go-http-client/1.1"
::1 - - [20/Mar/2016:21:53:53 +0100] "GET /clawio/auth/v1/verify/eyJhbGciOiJIUzI1NiIsInR5cCI6IkpXVCJ9.eyJkaXNwbGF5X25hbWUiOiJEZW1vIE9uZSIsImVtYWlsIjoiZGVtb0BkZW1vLmVzIiwiZXhwIjoxNDU4NTEwODA3Nzc1MjE0Mzk2LCJpc3MiOiJsYWJrb2RlLW1hYyIsInVzZXJuYW1lIjoiZGVtbyJ9.CyCMs_t9ySw-FPURGyvHO23YQ1_G4YSsi9p5Ei6HQNc HTTP/1.1" 200 82 "" "Go-http-client/1.1"
::1 - - [20/Mar/2016:21:53:53 +0100] "GET /clawio/auth/v1/verify/eyJhbGciOiJIUzI1NiIsInR5cCI6IkpXVCJ9.eyJkaXNwbGF5X25hbWUiOiJEZW1vIE9uZSIsImVtYWlsIjoiZGVtb0BkZW1vLmVzIiwiZXhwIjoxNDU4NTEwODA3Nzc1MjE0Mzk2LCJpc3MiOiJsYWJrb2RlLW1hYyIsInVzZXJuYW1lIjoiZGVtbyJ9.CyCMs_t9ySw-FPURGyvHO23YQ1_G4YSsi9p5Ei6HQNc HTTP/1.1" 200 82 "" "Go-http-client/1.1"
::1 - - [20/Mar/2016:21:56:44 +0100] "GET /clawio/auth/v1/verify/eyJhbGciOiJIUzI1NiIsInR5cCI6IkpXVCJ9.eyJkaXNwbGF5X25hbWUiOiJEZW1vIE9uZSIsImVtYWlsIjoiZGVtb0BkZW1vLmVzIiwiZXhwIjoxNDU4NTEwODA3Nzc1MjE0Mzk2LCJpc3MiOiJsYWJrb2RlLW1hYyIsInVzZXJuYW1lIjoiZGVtbyJ9.CyCMs_t9ySw-FPURGyvHO23YQ1_G4YSsi9p5Ei6HQNc HTTP/1.1" 200 82 "" "Go-http-client/1.1"
::1 - - [20/Mar/2016:22:02:19 +0100] "GET /clawio/auth/v1/verify/eyJhbGciOiJIUzI1NiIsInR5cCI6IkpXVCJ9.eyJkaXNwbGF5X25hbWUiOiJEZW1vIE9uZSIsImVtYWlsIjoiZGVtb0BkZW1vLmVzIiwiZXhwIjoxNDU4NTEwODA3Nzc1MjE0Mzk2LCJpc3MiOiJsYWJrb2RlLW1hYyIsInVzZXJuYW1lIjoiZGVtbyJ9.CyCMs_t9ySw-FPURGyvHO23YQ1_G4YSsi9p5Ei6HQNc HTTP/1.1" 200 82 "" "Go-http-client/1.1"
::1 - - [20/Mar/2016:22:03:02 +0100] "GET /clawio/auth/v1/verify/eyJhbGciOiJIUzI1NiIsInR5cCI6IkpXVCJ9.eyJkaXNwbGF5X25hbWUiOiJEZW1vIE9uZSIsImVtYWlsIjoiZGVtb0BkZW1vLmVzIiwiZXhwIjoxNDU4NTEwODA3Nzc1MjE0Mzk2LCJpc3MiOiJsYWJrb2RlLW1hYyIsInVzZXJuYW1lIjoiZGVtbyJ9.CyCMs_t9ySw-FPURGyvHO23YQ1_G4YSsi9p5Ei6HQNc HTTP/1.1" 200 82 "" "Go-http-client/1.1"
::1 - - [20/Mar/2016:22:03:24 +0100] "GET /clawio/auth/v1/verify/eyJhbGciOiJIUzI1NiIsInR5cCI6IkpXVCJ9.eyJkaXNwbGF5X25hbWUiOiJEZW1vIE9uZSIsImVtYWlsIjoiZGVtb0BkZW1vLmVzIiwiZXhwIjoxNDU4NTEwODA3Nzc1MjE0Mzk2LCJpc3MiOiJsYWJrb2RlLW1hYyIsInVzZXJuYW1lIjoiZGVtbyJ9.CyCMs_t9ySw-FPURGyvHO23YQ1_G4YSsi9p5Ei6HQNc HTTP/1.1" 200 82 "" "Go-http-client/1.1"
